<?xml version="1.0" encoding="UTF-8"?>
<testsuite xmlns:xsi="http://www.w3.org/2001/XMLSchema-instance" xsi:noNamespaceSchemaLocation="https://maven.apache.org/surefire/maven-surefire-plugin/xsd/surefire-test-report-3.0.xsd" version="3.0" name="TS_SwagLabs_JUnit" time="21.29" tests="7" errors="1" skipped="1" failures="0">
  <properties>
    <property name="java.specification.version" value="21"/>
    <property name="webdriver.chrome.driver" value="/Users/niyomubyeyialine/.cache/selenium/chromedriver/mac-arm64/125.0.6422.141/chromedriver"/>
    <property name="sun.jnu.encoding" value="UTF-8"/>
    <property name="java.class.path" value="/Users/niyomubyeyialine/Documents/Development/Automation/Automation-Projects/Automation-JAV-SwagLabs-Aline/target/test-classes:/Users/niyomubyeyialine/Documents/Development/Automation/Automation-Projects/Automation-JAV-SwagLabs-Aline/target/classes:/Users/niyomubyeyialine/.m2/repository/org/seleniumhq/selenium/selenium-java/4.19.1/selenium-java-4.19.1.jar:/Users/niyomubyeyialine/.m2/repository/org/seleniumhq/selenium/selenium-api/4.19.1/selenium-api-4.19.1.jar:/Users/niyomubyeyialine/.m2/repository/org/seleniumhq/selenium/selenium-chrome-driver/4.19.1/selenium-chrome-driver-4.19.1.jar:/Users/niyomubyeyialine/.m2/repository/com/google/auto/service/auto-service-annotations/1.1.1/auto-service-annotations-1.1.1.jar:/Users/niyomubyeyialine/.m2/repository/org/seleniumhq/selenium/selenium-chromium-driver/4.19.1/selenium-chromium-driver-4.19.1.jar:/Users/niyomubyeyialine/.m2/repository/org/seleniumhq/selenium/selenium-json/4.19.1/selenium-json-4.19.1.jar:/Users/niyomubyeyialine/.m2/repository/org/seleniumhq/selenium/selenium-manager/4.19.1/selenium-manager-4.19.1.jar:/Users/niyomubyeyialine/.m2/repository/org/seleniumhq/selenium/selenium-devtools-v121/4.19.1/selenium-devtools-v121-4.19.1.jar:/Users/niyomubyeyialine/.m2/repository/org/seleniumhq/selenium/selenium-devtools-v122/4.19.1/selenium-devtools-v122-4.19.1.jar:/Users/niyomubyeyialine/.m2/repository/org/seleniumhq/selenium/selenium-devtools-v123/4.19.1/selenium-devtools-v123-4.19.1.jar:/Users/niyomubyeyialine/.m2/repository/org/seleniumhq/selenium/selenium-devtools-v85/4.19.1/selenium-devtools-v85-4.19.1.jar:/Users/niyomubyeyialine/.m2/repository/org/seleniumhq/selenium/selenium-edge-driver/4.19.1/selenium-edge-driver-4.19.1.jar:/Users/niyomubyeyialine/.m2/repository/org/seleniumhq/selenium/selenium-firefox-driver/4.19.1/selenium-firefox-driver-4.19.1.jar:/Users/niyomubyeyialine/.m2/repository/org/seleniumhq/selenium/selenium-http/4.19.1/selenium-http-4.19.1.jar:/Users/niyomubyeyialine/.m2/repository/dev/failsafe/failsafe/3.3.2/failsafe-3.3.2.jar:/Users/niyomubyeyialine/.m2/repository/org/seleniumhq/selenium/selenium-ie-driver/4.19.1/selenium-ie-driver-4.19.1.jar:/Users/niyomubyeyialine/.m2/repository/org/seleniumhq/selenium/selenium-remote-driver/4.19.1/selenium-remote-driver-4.19.1.jar:/Users/niyomubyeyialine/.m2/repository/com/google/guava/guava/33.1.0-jre/guava-33.1.0-jre.jar:/Users/niyomubyeyialine/.m2/repository/com/google/guava/failureaccess/1.0.2/failureaccess-1.0.2.jar:/Users/niyomubyeyialine/.m2/repository/com/google/guava/listenablefuture/9999.0-empty-to-avoid-conflict-with-guava/listenablefuture-9999.0-empty-to-avoid-conflict-with-guava.jar:/Users/niyomubyeyialine/.m2/repository/com/google/code/findbugs/jsr305/3.0.2/jsr305-3.0.2.jar:/Users/niyomubyeyialine/.m2/repository/org/checkerframework/checker-qual/3.42.0/checker-qual-3.42.0.jar:/Users/niyomubyeyialine/.m2/repository/com/google/errorprone/error_prone_annotations/2.26.1/error_prone_annotations-2.26.1.jar:/Users/niyomubyeyialine/.m2/repository/com/google/j2objc/j2objc-annotations/3.0.0/j2objc-annotations-3.0.0.jar:/Users/niyomubyeyialine/.m2/repository/io/opentelemetry/semconv/opentelemetry-semconv/1.23.1-alpha/opentelemetry-semconv-1.23.1-alpha.jar:/Users/niyomubyeyialine/.m2/repository/io/opentelemetry/opentelemetry-api/1.36.0/opentelemetry-api-1.36.0.jar:/Users/niyomubyeyialine/.m2/repository/io/opentelemetry/opentelemetry-context/1.36.0/opentelemetry-context-1.36.0.jar:/Users/niyomubyeyialine/.m2/repository/io/opentelemetry/opentelemetry-exporter-logging/1.36.0/opentelemetry-exporter-logging-1.36.0.jar:/Users/niyomubyeyialine/.m2/repository/io/opentelemetry/opentelemetry-sdk-common/1.36.0/opentelemetry-sdk-common-1.36.0.jar:/Users/niyomubyeyialine/.m2/repository/io/opentelemetry/opentelemetry-sdk-extension-autoconfigure-spi/1.36.0/opentelemetry-sdk-extension-autoconfigure-spi-1.36.0.jar:/Users/niyomubyeyialine/.m2/repository/io/opentelemetry/opentelemetry-sdk-extension-autoconfigure/1.36.0/opentelemetry-sdk-extension-autoconfigure-1.36.0.jar:/Users/niyomubyeyialine/.m2/repository/io/opentelemetry/opentelemetry-api-events/1.36.0-alpha/opentelemetry-api-events-1.36.0-alpha.jar:/Users/niyomubyeyialine/.m2/repository/io/opentelemetry/opentelemetry-sdk-trace/1.36.0/opentelemetry-sdk-trace-1.36.0.jar:/Users/niyomubyeyialine/.m2/repository/io/opentelemetry/opentelemetry-extension-incubator/1.36.0-alpha/opentelemetry-extension-incubator-1.36.0-alpha.jar:/Users/niyomubyeyialine/.m2/repository/io/opentelemetry/opentelemetry-sdk/1.36.0/opentelemetry-sdk-1.36.0.jar:/Users/niyomubyeyialine/.m2/repository/io/opentelemetry/opentelemetry-sdk-metrics/1.36.0/opentelemetry-sdk-metrics-1.36.0.jar:/Users/niyomubyeyialine/.m2/repository/io/opentelemetry/opentelemetry-sdk-logs/1.36.0/opentelemetry-sdk-logs-1.36.0.jar:/Users/niyomubyeyialine/.m2/repository/org/seleniumhq/selenium/selenium-os/4.19.1/selenium-os-4.19.1.jar:/Users/niyomubyeyialine/.m2/repository/org/apache/commons/commons-exec/1.3/commons-exec-1.3.jar:/Users/niyomubyeyialine/.m2/repository/org/seleniumhq/selenium/selenium-safari-driver/4.19.1/selenium-safari-driver-4.19.1.jar:/Users/niyomubyeyialine/.m2/repository/org/seleniumhq/selenium/selenium-support/4.19.1/selenium-support-4.19.1.jar:/Users/niyomubyeyialine/.m2/repository/org/junit/jupiter/junit-jupiter-engine/5.10.2/junit-jupiter-engine-5.10.2.jar:/Users/niyomubyeyialine/.m2/repository/org/junit/platform/junit-platform-engine/1.10.2/junit-platform-engine-1.10.2.jar:/Users/niyomubyeyialine/.m2/repository/org/apiguardian/apiguardian-api/1.1.2/apiguardian-api-1.1.2.jar:/Users/niyomubyeyialine/.m2/repository/org/junit/jupiter/junit-jupiter-api/5.10.2/junit-jupiter-api-5.10.2.jar:/Users/niyomubyeyialine/.m2/repository/org/opentest4j/opentest4j/1.3.0/opentest4j-1.3.0.jar:/Users/niyomubyeyialine/.m2/repository/org/junit/platform/junit-platform-commons/1.10.2/junit-platform-commons-1.10.2.jar:/Users/niyomubyeyialine/.m2/repository/org/junit/jupiter/junit-jupiter-params/5.10.2/junit-jupiter-params-5.10.2.jar:/Users/niyomubyeyialine/.m2/repository/org/apache/maven/maven-model/3.9.6/maven-model-3.9.6.jar:/Users/niyomubyeyialine/.m2/repository/org/codehaus/plexus/plexus-utils/3.5.1/plexus-utils-3.5.1.jar:/Users/niyomubyeyialine/.m2/repository/io/qameta/allure/allure-junit5/2.27.0/allure-junit5-2.27.0.jar:/Users/niyomubyeyialine/.m2/repository/io/qameta/allure/allure-junit-platform/2.27.0/allure-junit-platform-2.27.0.jar:/Users/niyomubyeyialine/.m2/repository/io/qameta/allure/allure-java-commons/2.27.0/allure-java-commons-2.27.0.jar:/Users/niyomubyeyialine/.m2/repository/io/qameta/allure/allure-model/2.27.0/allure-model-2.27.0.jar:/Users/niyomubyeyialine/.m2/repository/io/qameta/allure/allure-test-filter/2.27.0/allure-test-filter-2.27.0.jar:/Users/niyomubyeyialine/.m2/repository/org/junit/platform/junit-platform-launcher/1.9.2/junit-platform-launcher-1.9.2.jar:/Users/niyomubyeyialine/.m2/repository/ch/qos/logback/logback-classic/1.5.5/logback-classic-1.5.5.jar:/Users/niyomubyeyialine/.m2/repository/ch/qos/logback/logback-core/1.5.5/logback-core-1.5.5.jar:/Users/niyomubyeyialine/.m2/repository/org/slf4j/slf4j-api/2.0.13/slf4j-api-2.0.13.jar:/Users/niyomubyeyialine/.m2/repository/io/github/bonigarcia/webdrivermanager/5.8.0/webdrivermanager-5.8.0.jar:/Users/niyomubyeyialine/.m2/repository/com/google/code/gson/gson/2.10.1/gson-2.10.1.jar:/Users/niyomubyeyialine/.m2/repository/com/github/docker-java/docker-java/3.3.6/docker-java-3.3.6.jar:/Users/niyomubyeyialine/.m2/repository/com/github/docker-java/docker-java-core/3.3.6/docker-java-core-3.3.6.jar:/Users/niyomubyeyialine/.m2/repository/com/github/docker-java/docker-java-api/3.3.6/docker-java-api-3.3.6.jar:/Users/niyomubyeyialine/.m2/repository/com/fasterxml/jackson/core/jackson-annotations/2.10.3/jackson-annotations-2.10.3.jar:/Users/niyomubyeyialine/.m2/repository/com/fasterxml/jackson/core/jackson-databind/2.10.3/jackson-databind-2.10.3.jar:/Users/niyomubyeyialine/.m2/repository/com/fasterxml/jackson/core/jackson-core/2.10.3/jackson-core-2.10.3.jar:/Users/niyomubyeyialine/.m2/repository/org/bouncycastle/bcpkix-jdk18on/1.76/bcpkix-jdk18on-1.76.jar:/Users/niyomubyeyialine/.m2/repository/org/bouncycastle/bcprov-jdk18on/1.76/bcprov-jdk18on-1.76.jar:/Users/niyomubyeyialine/.m2/repository/org/bouncycastle/bcutil-jdk18on/1.76/bcutil-jdk18on-1.76.jar:/Users/niyomubyeyialine/.m2/repository/org/slf4j/jcl-over-slf4j/1.7.30/jcl-over-slf4j-1.7.30.jar:/Users/niyomubyeyialine/.m2/repository/com/github/docker-java/docker-java-transport-httpclient5/3.3.6/docker-java-transport-httpclient5-3.3.6.jar:/Users/niyomubyeyialine/.m2/repository/com/github/docker-java/docker-java-transport/3.3.6/docker-java-transport-3.3.6.jar:/Users/niyomubyeyialine/.m2/repository/net/java/dev/jna/jna/5.13.0/jna-5.13.0.jar:/Users/niyomubyeyialine/.m2/repository/org/brotli/dec/0.1.2/dec-0.1.2.jar:/Users/niyomubyeyialine/.m2/repository/org/apache/commons/commons-lang3/3.14.0/commons-lang3-3.14.0.jar:/Users/niyomubyeyialine/.m2/repository/org/apache/commons/commons-compress/1.26.1/commons-compress-1.26.1.jar:/Users/niyomubyeyialine/.m2/repository/commons-codec/commons-codec/1.16.1/commons-codec-1.16.1.jar:/Users/niyomubyeyialine/.m2/repository/commons-io/commons-io/2.15.1/commons-io-2.15.1.jar:/Users/niyomubyeyialine/.m2/repository/org/apache/httpcomponents/client5/httpclient5/5.2.1/httpclient5-5.2.1.jar:/Users/niyomubyeyialine/.m2/repository/org/apache/httpcomponents/core5/httpcore5/5.2/httpcore5-5.2.jar:/Users/niyomubyeyialine/.m2/repository/org/apache/httpcomponents/core5/httpcore5-h2/5.2/httpcore5-h2-5.2.jar:/Users/niyomubyeyialine/.m2/repository/org/mockito/mockito-core/5.11.0/mockito-core-5.11.0.jar:/Users/niyomubyeyialine/.m2/repository/net/bytebuddy/byte-buddy/1.14.12/byte-buddy-1.14.12.jar:/Users/niyomubyeyialine/.m2/repository/net/bytebuddy/byte-buddy-agent/1.14.12/byte-buddy-agent-1.14.12.jar:/Users/niyomubyeyialine/.m2/repository/org/objenesis/objenesis/3.3/objenesis-3.3.jar:/Users/niyomubyeyialine/.m2/repository/org/mockito/mockito-junit-jupiter/5.11.0/mockito-junit-jupiter-5.11.0.jar:"/>
    <property name="java.vm.vendor" value="Homebrew"/>
    <property name="sun.arch.data.model" value="64"/>
    <property name="java.vendor.url" value="https://github.com/Homebrew/homebrew-core/issues"/>
    <property name="user.timezone" value="Africa/Kigali"/>
    <property name="os.name" value="Mac OS X"/>
    <property name="java.vm.specification.version" value="21"/>
    <property name="sun.java.launcher" value="SUN_STANDARD"/>
    <property name="user.country" value="US"/>
    <property name="sun.boot.library.path" value="/opt/homebrew/Cellar/openjdk/21.0.3/libexec/openjdk.jdk/Contents/Home/lib"/>
    <property name="sun.java.command" value="/Users/niyomubyeyialine/Documents/Development/Automation/Automation-Projects/Automation-JAV-SwagLabs-Aline/target/surefire/surefirebooter-20240605145135590_3.jar /Users/niyomubyeyialine/Documents/Development/Automation/Automation-Projects/Automation-JAV-SwagLabs-Aline/target/surefire 2024-06-05T14-51-35_536-jvmRun1 surefire-20240605145135590_1tmp surefire_0-20240605145135590_2tmp"/>
    <property name="http.nonProxyHosts" value="local|*.local|169.254/16|*.169.254/16"/>
    <property name="jdk.debug" value="release"/>
    <property name="surefire.test.class.path" value="/Users/niyomubyeyialine/Documents/Development/Automation/Automation-Projects/Automation-JAV-SwagLabs-Aline/target/test-classes:/Users/niyomubyeyialine/Documents/Development/Automation/Automation-Projects/Automation-JAV-SwagLabs-Aline/target/classes:/Users/niyomubyeyialine/.m2/repository/org/seleniumhq/selenium/selenium-java/4.19.1/selenium-java-4.19.1.jar:/Users/niyomubyeyialine/.m2/repository/org/seleniumhq/selenium/selenium-api/4.19.1/selenium-api-4.19.1.jar:/Users/niyomubyeyialine/.m2/repository/org/seleniumhq/selenium/selenium-chrome-driver/4.19.1/selenium-chrome-driver-4.19.1.jar:/Users/niyomubyeyialine/.m2/repository/com/google/auto/service/auto-service-annotations/1.1.1/auto-service-annotations-1.1.1.jar:/Users/niyomubyeyialine/.m2/repository/org/seleniumhq/selenium/selenium-chromium-driver/4.19.1/selenium-chromium-driver-4.19.1.jar:/Users/niyomubyeyialine/.m2/repository/org/seleniumhq/selenium/selenium-json/4.19.1/selenium-json-4.19.1.jar:/Users/niyomubyeyialine/.m2/repository/org/seleniumhq/selenium/selenium-manager/4.19.1/selenium-manager-4.19.1.jar:/Users/niyomubyeyialine/.m2/repository/org/seleniumhq/selenium/selenium-devtools-v121/4.19.1/selenium-devtools-v121-4.19.1.jar:/Users/niyomubyeyialine/.m2/repository/org/seleniumhq/selenium/selenium-devtools-v122/4.19.1/selenium-devtools-v122-4.19.1.jar:/Users/niyomubyeyialine/.m2/repository/org/seleniumhq/selenium/selenium-devtools-v123/4.19.1/selenium-devtools-v123-4.19.1.jar:/Users/niyomubyeyialine/.m2/repository/org/seleniumhq/selenium/selenium-devtools-v85/4.19.1/selenium-devtools-v85-4.19.1.jar:/Users/niyomubyeyialine/.m2/repository/org/seleniumhq/selenium/selenium-edge-driver/4.19.1/selenium-edge-driver-4.19.1.jar:/Users/niyomubyeyialine/.m2/repository/org/seleniumhq/selenium/selenium-firefox-driver/4.19.1/selenium-firefox-driver-4.19.1.jar:/Users/niyomubyeyialine/.m2/repository/org/seleniumhq/selenium/selenium-http/4.19.1/selenium-http-4.19.1.jar:/Users/niyomubyeyialine/.m2/repository/dev/failsafe/failsafe/3.3.2/failsafe-3.3.2.jar:/Users/niyomubyeyialine/.m2/repository/org/seleniumhq/selenium/selenium-ie-driver/4.19.1/selenium-ie-driver-4.19.1.jar:/Users/niyomubyeyialine/.m2/repository/org/seleniumhq/selenium/selenium-remote-driver/4.19.1/selenium-remote-driver-4.19.1.jar:/Users/niyomubyeyialine/.m2/repository/com/google/guava/guava/33.1.0-jre/guava-33.1.0-jre.jar:/Users/niyomubyeyialine/.m2/repository/com/google/guava/failureaccess/1.0.2/failureaccess-1.0.2.jar:/Users/niyomubyeyialine/.m2/repository/com/google/guava/listenablefuture/9999.0-empty-to-avoid-conflict-with-guava/listenablefuture-9999.0-empty-to-avoid-conflict-with-guava.jar:/Users/niyomubyeyialine/.m2/repository/com/google/code/findbugs/jsr305/3.0.2/jsr305-3.0.2.jar:/Users/niyomubyeyialine/.m2/repository/org/checkerframework/checker-qual/3.42.0/checker-qual-3.42.0.jar:/Users/niyomubyeyialine/.m2/repository/com/google/errorprone/error_prone_annotations/2.26.1/error_prone_annotations-2.26.1.jar:/Users/niyomubyeyialine/.m2/repository/com/google/j2objc/j2objc-annotations/3.0.0/j2objc-annotations-3.0.0.jar:/Users/niyomubyeyialine/.m2/repository/io/opentelemetry/semconv/opentelemetry-semconv/1.23.1-alpha/opentelemetry-semconv-1.23.1-alpha.jar:/Users/niyomubyeyialine/.m2/repository/io/opentelemetry/opentelemetry-api/1.36.0/opentelemetry-api-1.36.0.jar:/Users/niyomubyeyialine/.m2/repository/io/opentelemetry/opentelemetry-context/1.36.0/opentelemetry-context-1.36.0.jar:/Users/niyomubyeyialine/.m2/repository/io/opentelemetry/opentelemetry-exporter-logging/1.36.0/opentelemetry-exporter-logging-1.36.0.jar:/Users/niyomubyeyialine/.m2/repository/io/opentelemetry/opentelemetry-sdk-common/1.36.0/opentelemetry-sdk-common-1.36.0.jar:/Users/niyomubyeyialine/.m2/repository/io/opentelemetry/opentelemetry-sdk-extension-autoconfigure-spi/1.36.0/opentelemetry-sdk-extension-autoconfigure-spi-1.36.0.jar:/Users/niyomubyeyialine/.m2/repository/io/opentelemetry/opentelemetry-sdk-extension-autoconfigure/1.36.0/opentelemetry-sdk-extension-autoconfigure-1.36.0.jar:/Users/niyomubyeyialine/.m2/repository/io/opentelemetry/opentelemetry-api-events/1.36.0-alpha/opentelemetry-api-events-1.36.0-alpha.jar:/Users/niyomubyeyialine/.m2/repository/io/opentelemetry/opentelemetry-sdk-trace/1.36.0/opentelemetry-sdk-trace-1.36.0.jar:/Users/niyomubyeyialine/.m2/repository/io/opentelemetry/opentelemetry-extension-incubator/1.36.0-alpha/opentelemetry-extension-incubator-1.36.0-alpha.jar:/Users/niyomubyeyialine/.m2/repository/io/opentelemetry/opentelemetry-sdk/1.36.0/opentelemetry-sdk-1.36.0.jar:/Users/niyomubyeyialine/.m2/repository/io/opentelemetry/opentelemetry-sdk-metrics/1.36.0/opentelemetry-sdk-metrics-1.36.0.jar:/Users/niyomubyeyialine/.m2/repository/io/opentelemetry/opentelemetry-sdk-logs/1.36.0/opentelemetry-sdk-logs-1.36.0.jar:/Users/niyomubyeyialine/.m2/repository/org/seleniumhq/selenium/selenium-os/4.19.1/selenium-os-4.19.1.jar:/Users/niyomubyeyialine/.m2/repository/org/apache/commons/commons-exec/1.3/commons-exec-1.3.jar:/Users/niyomubyeyialine/.m2/repository/org/seleniumhq/selenium/selenium-safari-driver/4.19.1/selenium-safari-driver-4.19.1.jar:/Users/niyomubyeyialine/.m2/repository/org/seleniumhq/selenium/selenium-support/4.19.1/selenium-support-4.19.1.jar:/Users/niyomubyeyialine/.m2/repository/org/junit/jupiter/junit-jupiter-engine/5.10.2/junit-jupiter-engine-5.10.2.jar:/Users/niyomubyeyialine/.m2/repository/org/junit/platform/junit-platform-engine/1.10.2/junit-platform-engine-1.10.2.jar:/Users/niyomubyeyialine/.m2/repository/org/apiguardian/apiguardian-api/1.1.2/apiguardian-api-1.1.2.jar:/Users/niyomubyeyialine/.m2/repository/org/junit/jupiter/junit-jupiter-api/5.10.2/junit-jupiter-api-5.10.2.jar:/Users/niyomubyeyialine/.m2/repository/org/opentest4j/opentest4j/1.3.0/opentest4j-1.3.0.jar:/Users/niyomubyeyialine/.m2/repository/org/junit/platform/junit-platform-commons/1.10.2/junit-platform-commons-1.10.2.jar:/Users/niyomubyeyialine/.m2/repository/org/junit/jupiter/junit-jupiter-params/5.10.2/junit-jupiter-params-5.10.2.jar:/Users/niyomubyeyialine/.m2/repository/org/apache/maven/maven-model/3.9.6/maven-model-3.9.6.jar:/Users/niyomubyeyialine/.m2/repository/org/codehaus/plexus/plexus-utils/3.5.1/plexus-utils-3.5.1.jar:/Users/niyomubyeyialine/.m2/repository/io/qameta/allure/allure-junit5/2.27.0/allure-junit5-2.27.0.jar:/Users/niyomubyeyialine/.m2/repository/io/qameta/allure/allure-junit-platform/2.27.0/allure-junit-platform-2.27.0.jar:/Users/niyomubyeyialine/.m2/repository/io/qameta/allure/allure-java-commons/2.27.0/allure-java-commons-2.27.0.jar:/Users/niyomubyeyialine/.m2/repository/io/qameta/allure/allure-model/2.27.0/allure-model-2.27.0.jar:/Users/niyomubyeyialine/.m2/repository/io/qameta/allure/allure-test-filter/2.27.0/allure-test-filter-2.27.0.jar:/Users/niyomubyeyialine/.m2/repository/org/junit/platform/junit-platform-launcher/1.9.2/junit-platform-launcher-1.9.2.jar:/Users/niyomubyeyialine/.m2/repository/ch/qos/logback/logback-classic/1.5.5/logback-classic-1.5.5.jar:/Users/niyomubyeyialine/.m2/repository/ch/qos/logback/logback-core/1.5.5/logback-core-1.5.5.jar:/Users/niyomubyeyialine/.m2/repository/org/slf4j/slf4j-api/2.0.13/slf4j-api-2.0.13.jar:/Users/niyomubyeyialine/.m2/repository/io/github/bonigarcia/webdrivermanager/5.8.0/webdrivermanager-5.8.0.jar:/Users/niyomubyeyialine/.m2/repository/com/google/code/gson/gson/2.10.1/gson-2.10.1.jar:/Users/niyomubyeyialine/.m2/repository/com/github/docker-java/docker-java/3.3.6/docker-java-3.3.6.jar:/Users/niyomubyeyialine/.m2/repository/com/github/docker-java/docker-java-core/3.3.6/docker-java-core-3.3.6.jar:/Users/niyomubyeyialine/.m2/repository/com/github/docker-java/docker-java-api/3.3.6/docker-java-api-3.3.6.jar:/Users/niyomubyeyialine/.m2/repository/com/fasterxml/jackson/core/jackson-annotations/2.10.3/jackson-annotations-2.10.3.jar:/Users/niyomubyeyialine/.m2/repository/com/fasterxml/jackson/core/jackson-databind/2.10.3/jackson-databind-2.10.3.jar:/Users/niyomubyeyialine/.m2/repository/com/fasterxml/jackson/core/jackson-core/2.10.3/jackson-core-2.10.3.jar:/Users/niyomubyeyialine/.m2/repository/org/bouncycastle/bcpkix-jdk18on/1.76/bcpkix-jdk18on-1.76.jar:/Users/niyomubyeyialine/.m2/repository/org/bouncycastle/bcprov-jdk18on/1.76/bcprov-jdk18on-1.76.jar:/Users/niyomubyeyialine/.m2/repository/org/bouncycastle/bcutil-jdk18on/1.76/bcutil-jdk18on-1.76.jar:/Users/niyomubyeyialine/.m2/repository/org/slf4j/jcl-over-slf4j/1.7.30/jcl-over-slf4j-1.7.30.jar:/Users/niyomubyeyialine/.m2/repository/com/github/docker-java/docker-java-transport-httpclient5/3.3.6/docker-java-transport-httpclient5-3.3.6.jar:/Users/niyomubyeyialine/.m2/repository/com/github/docker-java/docker-java-transport/3.3.6/docker-java-transport-3.3.6.jar:/Users/niyomubyeyialine/.m2/repository/net/java/dev/jna/jna/5.13.0/jna-5.13.0.jar:/Users/niyomubyeyialine/.m2/repository/org/brotli/dec/0.1.2/dec-0.1.2.jar:/Users/niyomubyeyialine/.m2/repository/org/apache/commons/commons-lang3/3.14.0/commons-lang3-3.14.0.jar:/Users/niyomubyeyialine/.m2/repository/org/apache/commons/commons-compress/1.26.1/commons-compress-1.26.1.jar:/Users/niyomubyeyialine/.m2/repository/commons-codec/commons-codec/1.16.1/commons-codec-1.16.1.jar:/Users/niyomubyeyialine/.m2/repository/commons-io/commons-io/2.15.1/commons-io-2.15.1.jar:/Users/niyomubyeyialine/.m2/repository/org/apache/httpcomponents/client5/httpclient5/5.2.1/httpclient5-5.2.1.jar:/Users/niyomubyeyialine/.m2/repository/org/apache/httpcomponents/core5/httpcore5/5.2/httpcore5-5.2.jar:/Users/niyomubyeyialine/.m2/repository/org/apache/httpcomponents/core5/httpcore5-h2/5.2/httpcore5-h2-5.2.jar:/Users/niyomubyeyialine/.m2/repository/org/mockito/mockito-core/5.11.0/mockito-core-5.11.0.jar:/Users/niyomubyeyialine/.m2/repository/net/bytebuddy/byte-buddy/1.14.12/byte-buddy-1.14.12.jar:/Users/niyomubyeyialine/.m2/repository/net/bytebuddy/byte-buddy-agent/1.14.12/byte-buddy-agent-1.14.12.jar:/Users/niyomubyeyialine/.m2/repository/org/objenesis/objenesis/3.3/objenesis-3.3.jar:/Users/niyomubyeyialine/.m2/repository/org/mockito/mockito-junit-jupiter/5.11.0/mockito-junit-jupiter-5.11.0.jar:"/>
    <property name="sun.cpu.endian" value="little"/>
    <property name="user.home" value="/Users/niyomubyeyialine"/>
    <property name="user.language" value="en"/>
    <property name="java.specification.vendor" value="Oracle Corporation"/>
    <property name="java.version.date" value="2024-04-16"/>
    <property name="java.home" value="/opt/homebrew/Cellar/openjdk/21.0.3/libexec/openjdk.jdk/Contents/Home"/>
    <property name="file.separator" value="/"/>
    <property name="basedir" value="/Users/niyomubyeyialine/Documents/Development/Automation/Automation-Projects/Automation-JAV-SwagLabs-Aline"/>
    <property name="java.vm.compressedOopsMode" value="Zero based"/>
    <property name="line.separator" value="&#10;"/>
    <property name="java.vm.specification.vendor" value="Oracle Corporation"/>
    <property name="java.specification.name" value="Java Platform API Specification"/>
    <property name="apple.awt.application.name" value="ForkedBooter"/>
    <property name="surefire.real.class.path" value="/Users/niyomubyeyialine/Documents/Development/Automation/Automation-Projects/Automation-JAV-SwagLabs-Aline/target/surefire/surefirebooter-20240605145135590_3.jar"/>
    <property name="sun.management.compiler" value="HotSpot 64-Bit Tiered Compilers"/>
    <property name="ftp.nonProxyHosts" value="local|*.local|169.254/16|*.169.254/16"/>
    <property name="java.runtime.version" value="21.0.3"/>
    <property name="user.name" value="niyomubyeyialine"/>
    <property name="stdout.encoding" value="UTF-8"/>
    <property name="path.separator" value=":"/>
    <property name="os.version" value="14.4.1"/>
    <property name="java.runtime.name" value="OpenJDK Runtime Environment"/>
    <property name="file.encoding" value="UTF-8"/>
    <property name="java.vm.name" value="OpenJDK 64-Bit Server VM"/>
    <property name="java.vendor.version" value="Homebrew"/>
    <property name="localRepository" value="/Users/niyomubyeyialine/.m2/repository"/>
    <property name="java.vendor.url.bug" value="https://github.com/Homebrew/homebrew-core/issues"/>
    <property name="java.io.tmpdir" value="/var/folders/lp/k165811579l39m_rpf8c47080000gn/T/"/>
    <property name="java.version" value="21.0.3"/>
    <property name="user.dir" value="/Users/niyomubyeyialine/Documents/Development/Automation/Automation-Projects/Automation-JAV-SwagLabs-Aline"/>
    <property name="os.arch" value="aarch64"/>
    <property name="java.vm.specification.name" value="Java Virtual Machine Specification"/>
    <property name="native.encoding" value="UTF-8"/>
    <property name="java.library.path" value="/Users/niyomubyeyialine/Library/Java/Extensions:/Library/Java/Extensions:/Network/Library/Java/Extensions:/System/Library/Java/Extensions:/usr/lib/java:."/>
    <property name="java.vm.info" value="mixed mode, sharing"/>
    <property name="stderr.encoding" value="UTF-8"/>
    <property name="java.vendor" value="Homebrew"/>
    <property name="java.vm.version" value="21.0.3"/>
    <property name="sun.io.unicode.encoding" value="UnicodeBig"/>
    <property name="socksNonProxyHosts" value="local|*.local|169.254/16|*.169.254/16"/>
    <property name="java.class.version" value="65.0"/>
  </properties>
  <testcase name="tc_swaglabs_locked_out_user" classname="TS_SwagLabs_JUnit" time="0.0">
    <skipped message="Disabled until bug #42 has been resolved"/>
    <system-out><![CDATA[
&amp#27;[38;5;208m================================================================================&amp#27;[0m
&amp#27;[38;5;208mTest Suite: TS_SwagLabs_JUnit - 06/05/2024 02:51:36 PM - Begin&amp#27;[0m
&amp#27;[38;5;208mConfig Version: 1.5 - POM Version: 1.14 - Framework Version: 2.0.17&amp#27;[0m
&amp#27;[38;5;208m--------------------------------------------------------------------------------&amp#27;[0m

&amp#27;[0;90m- - - - - Synchronizing Browser and WebDriver - - - - - Begin
14:51:36.714 [ForkJoinPool-1-worker-1] DEBUG io.github.bonigarcia.wdm.WebDriverManager -- Using WebDriverManager 5.8.0
14:51:36.918 [ForkJoinPool-1-worker-1] DEBUG io.github.bonigarcia.wdm.cache.ResolutionCache -- Resolution chrome=125 in cache (valid until 15:06:48 05/06/2024 CAT)
14:51:36.919 [ForkJoinPool-1-worker-1] DEBUG io.github.bonigarcia.wdm.cache.ResolutionCache -- Resolution chrome125=125.0.6422.141 in cache (valid until 14:06:48 06/06/2024 CAT)
14:51:36.920 [ForkJoinPool-1-worker-1] INFO io.github.bonigarcia.wdm.WebDriverManager -- Using chromedriver 125.0.6422.141 (resolved driver for Chrome 125)
14:51:36.937 [ForkJoinPool-1-worker-1] DEBUG io.github.bonigarcia.wdm.WebDriverManager -- Driver chromedriver 125.0.6422.141 found in cache
14:51:36.938 [ForkJoinPool-1-worker-1] INFO io.github.bonigarcia.wdm.WebDriverManager -- Exporting webdriver.chrome.driver as /Users/niyomubyeyialine/.cache/selenium/chromedriver/mac-arm64/125.0.6422.141/chromedriver
&amp#27;[0;90m- - - - - Synchronizing Browser and WebDriver - - - - - End&amp#27;[0m



&amp#27;[0;34m - - - - Test Case: TC - SwagLabs - Missing Username and Password - 06/05/2024 02:51:42 PM - Begin - - -&amp#27;[0m
&amp#27;[0;34m - - - - Test Case: TC - SwagLabs - Basic Functionality - 06/05/2024 02:51:42 PM - Begin - - -&amp#27;[0m
&amp#27;[0;34m - - - - Test Case: TC - SwagLabs - Missing Password - Repetition 1 of 3 - 06/05/2024 02:51:42 PM - Begin - - -&amp#27;[0m
]]></system-out>
    <system-err><![CDATA[Jun 05, 2024 2:51:36 PM org.junit.jupiter.engine.discovery.MethodSelectorResolver resolve
WARNING: Possible configuration error: method [public void TS_SwagLabs_JUnit.tc_swaglabs_missing_password()] resulted in multiple TestDescriptors [org.junit.jupiter.engine.descriptor.TestMethodTestDescriptor, org.junit.jupiter.engine.descriptor.TestTemplateTestDescriptor]. This is typically the result of annotating a method with multiple competing annotations such as @Test, @RepeatedTest, @ParameterizedTest, @TestFactory, etc.
Jun 05, 2024 2:51:36 PM org.junit.jupiter.engine.discovery.MethodSelectorResolver resolve
WARNING: Possible configuration error: method [public void TS_SwagLabs_JUnit.tc_swaglabs_missing_password()] resulted in multiple TestDescriptors [org.junit.jupiter.engine.descriptor.TestMethodTestDescriptor, org.junit.jupiter.engine.descriptor.TestTemplateTestDescriptor]. This is typically the result of annotating a method with multiple competing annotations such as @Test, @RepeatedTest, @ParameterizedTest, @TestFactory, etc.
]]></system-err>
  </testcase>
  <testcase name="tc_swaglabs_missing_username_and_password" classname="TS_SwagLabs_JUnit" time="3.498">
    <system-out><![CDATA[
&amp#27;[0;34m - - - - Test Case: TC - SwagLabs - Missing Password - 06/05/2024 02:51:42 PM - Begin - - -&amp#27;[0m

&amp#27;[0;34m - - - - Test Case: TC - SwagLabs - Missing Password - Repetition 2 of 3 - 06/05/2024 02:51:42 PM - Begin - - -&amp#27;[0m

&amp#27;[0;34m - - - - Test Case: TC - SwagLabs - Missing Password - Repetition 3 of 3 - 06/05/2024 02:51:42 PM - Begin - - -&amp#27;[0m
&amp#27;[0;32m[Pass] - Navigated to URL: 'https://www.saucedemo.com/v1/'.&amp#27;[0m
&amp#27;[0;32m[Pass] - Navigated to URL: 'https://www.saucedemo.com/v1/'.&amp#27;[0m
&amp#27;[0;32m[Pass] - Navigated to URL: 'https://www.saucedemo.com/v1/'.&amp#27;[0m
&amp#27;[0;32m[Pass] - PO_Login - Validated locator: '//input[@id='user-name']' exists.&amp#27;[0m
&amp#27;[0;32m[Pass] - PO_Login - Validated locator: '//input[@id='user-name']' exists.&amp#27;[0m
&amp#27;[0;32m[Pass] - PO_Login - Validated locator: '//input[@id='user-name']' exists.&amp#27;[0m
&amp#27;[0;32m[Pass] - Navigated to URL: 'https://www.saucedemo.com/v1/'.&amp#27;[0m
&amp#27;[0;32m[Pass] - Navigated to URL: 'https://www.saucedemo.com/v1/'.&amp#27;[0m
&amp#27;[0;32m[Pass] - Navigated to URL: 'https://www.saucedemo.com/v1/'.&amp#27;[0m
&amp#27;[0;32m[Pass] - PO_Login - Successfully entered '' into locator: '//input[@id='user-name']'.&amp#27;[0m
&amp#27;[0;32m[Pass] - PO_Login - Validated locator: '//input[@id='user-name']' exists.&amp#27;[0m
&amp#27;[0;32m[Pass] - PO_Login - Validated locator: '//input[@id='user-name']' exists.&amp#27;[0m
&amp#27;[38;5;94m[Screenshot] - Login_Before_1717591904981.png&amp#27;[0m
&amp#27;[0;32m[Pass] - PO_Login - Validated locator: '//input[@id='user-name']' exists.&amp#27;[0m
&amp#27;[0;32m[Pass] - PO_Login - Successfully entered '' into locator: '//input[@id='password']'.&amp#27;[0m
&amp#27;[0;32m[Pass] - PO_Login - Successfully entered 'standard_user' into locator: '//input[@id='user-name']'.&amp#27;[0m
&amp#27;[0;32m[Pass] - PO_Login - Clicked locator: '//input[@id='login-button']'.&amp#27;[0m
&amp#27;[0;32m[Pass] - PO_Login - Successfully entered '' into locator: '//input[@id='password']'.&amp#27;[0m
&amp#27;[0;32m[Pass] - PO_Login - Successfully entered 'standard_user' into locator: '//input[@id='user-name']'.&amp#27;[0m
&amp#27;[0;32m[Pass] - PO_Login - Successfully entered 'standard_user' into locator: '//input[@id='user-name']'.&amp#27;[0m
&amp#27;[0;32m[Pass] - PO_Login - Successfully entered 'standard_user' into locator: '//input[@id='user-name']'.&amp#27;[0m
&amp#27;[38;5;94m[Trim Image] - Original: 1200x808 --> Trimmed: 784x631 --> Saved: 49.0%&amp#27;[0m
&amp#27;[0;32m[Pass] - PO_Login - Clicked locator: '//input[@id='login-button']'.&amp#27;[0m
&amp#27;[0;32m[Pass] - PO_Login - Successfully entered '' into locator: '//input[@id='password']'.&amp#27;[0m
&amp#27;[0;32m[Pass] - PO_Login - Successfully entered '' into locator: '//input[@id='password']'.&amp#27;[0m
&amp#27;[0;32m[Pass] - PO_Login - Successfully entered '' into locator: '//input[@id='password']'.&amp#27;[0m
&amp#27;[0;32m[Pass] - PO_Login - 'Epic sadface: Username is required' found within text at locator: '//h3[@data-test='error']' in 0 seconds.
Entire text found: 'Epic sadface: Username is required'.&amp#27;[0m
&amp#27;[0;34m - - - - Test Case: TC - SwagLabs - Missing Username and Password - 06/05/2024 02:51:45 PM - End - - - -&amp#27;[0m
&amp#27;[0;32m[Pass] - PO_Login - Clicked locator: '//input[@id='login-button']'.&amp#27;[0m
&amp#27;[0;32m[Pass] - PO_Login - Clicked locator: '//input[@id='login-button']'.&amp#27;[0m
&amp#27;[0;32m[Pass] - PO_Login - Clicked locator: '//input[@id='login-button']'.&amp#27;[0m
&amp#27;[0;32m[Pass] - PO_Login - Successfully entered 'standard_user' into locator: '//input[@id='user-name']'.&amp#27;[0m
&amp#27;[0;32m[Pass] - PO_Login - 'Epic sadface: Password is required' found within text at locator: '//h3[@data-test='error']' in 0 seconds.
Entire text found: 'Epic sadface: Password is required'.&amp#27;[0m
&amp#27;[0;34m - - - - Test Case: TC - SwagLabs - Missing Password - Repetition 2 of 3 - 06/05/2024 02:51:45 PM - End - - - -&amp#27;[0m
]]></system-out>
    <system-err><![CDATA[Jun 05, 2024 2:51:44 PM org.openqa.selenium.devtools.CdpVersionFinder findNearestMatch
WARNING: Unable to find an exact match for CDP version 125, returning the closest version; found: 123; Please update to a Selenium version that supports CDP version 125
Jun 05, 2024 2:51:44 PM org.openqa.selenium.devtools.CdpVersionFinder findNearestMatch
WARNING: Unable to find an exact match for CDP version 125, returning the closest version; found: 123; Please update to a Selenium version that supports CDP version 125
Jun 05, 2024 2:51:44 PM org.openqa.selenium.devtools.CdpVersionFinder findNearestMatch
WARNING: Unable to find an exact match for CDP version 125, returning the closest version; found: 123; Please update to a Selenium version that supports CDP version 125
Jun 05, 2024 2:51:44 PM org.openqa.selenium.devtools.CdpVersionFinder findNearestMatch
WARNING: Unable to find an exact match for CDP version 125, returning the closest version; found: 123; Please update to a Selenium version that supports CDP version 125
Jun 05, 2024 2:51:44 PM org.openqa.selenium.devtools.CdpVersionFinder findNearestMatch
WARNING: Unable to find an exact match for CDP version 125, returning the closest version; found: 123; Please update to a Selenium version that supports CDP version 125
Jun 05, 2024 2:51:44 PM org.openqa.selenium.devtools.CdpVersionFinder findNearestMatch
WARNING: Unable to find an exact match for CDP version 125, returning the closest version; found: 123; Please update to a Selenium version that supports CDP version 125
]]></system-err>
  </testcase>
  <testcase name="tc_swaglabs_missing_password" classname="TS_SwagLabs_JUnit" time="3.394">
    <system-out><![CDATA[&amp#27;[0;32m[Pass] - PO_Login - 'Epic sadface: Password is required' found within text at locator: '//h3[@data-test='error']' in 0 seconds.
Entire text found: 'Epic sadface: Password is required'.&amp#27;[0m
&amp#27;[0;34m - - - - Test Case: TC - SwagLabs - Missing Password - Repetition 1 of 3 - 06/05/2024 02:51:45 PM - End - - - -&amp#27;[0m
&amp#27;[0;32m[Pass] - PO_Login - 'Epic sadface: Password is required' found within text at locator: '//h3[@data-test='error']' in 0 seconds.
Entire text found: 'Epic sadface: Password is required'.&amp#27;[0m
&amp#27;[0;34m - - - - Test Case: TC - SwagLabs - Missing Password - Repetition 3 of 3 - 06/05/2024 02:51:45 PM - End - - - -&amp#27;[0m
&amp#27;[0;32m[Pass] - PO_Login - Successfully entered 'secret_sauce' into locator: '//input[@id='password']'.&amp#27;[0m
&amp#27;[0;32m[Pass] - PO_Login - 'Epic sadface: Password is required' found within text at locator: '//h3[@data-test='error']' in 0 seconds.
Entire text found: 'Epic sadface: Password is required'.&amp#27;[0m
&amp#27;[0;34m - - - - Test Case: TC - SwagLabs - Missing Password - 06/05/2024 02:51:45 PM - End - - - -&amp#27;[0m
]]></system-out>
  </testcase>
  <testcase name="tc_swaglabs_missing_password" classname="TS_SwagLabs_JUnit" time="3.607">
    <system-out><![CDATA[&amp#27;[38;5;94m[Screenshot] - Login_After_1717591905529.png&amp#27;[0m
]]></system-out>
  </testcase>
  <testcase name="tc_swaglabs_missing_password" classname="TS_SwagLabs_JUnit" time="3.464"/>
  <testcase name="tc_swaglabs_missing_password" classname="TS_SwagLabs_JUnit" time="3.567"/>
  <testcase name="tc_swaglabs_basics" classname="TS_SwagLabs_JUnit" time="15.938">
    <error message="no such window: target window already closed&#10;from unknown error: web view not found&#10;  (Session info: chrome=125.0.6422.142)&#10;Build info: version: &apos;4.19.1&apos;, revision: &apos;abe0ee07dc&apos;&#10;System info: os.name: &apos;Mac OS X&apos;, os.arch: &apos;aarch64&apos;, os.version: &apos;14.4.1&apos;, java.version: &apos;21.0.3&apos;&#10;Driver info: org.openqa.selenium.chrome.ChromeDriver&#10;Command: [f272a917b333adb85ec0b69b44eda28b, screenshot {}]&#10;Capabilities {acceptInsecureCerts: false, browserName: chrome, browserVersion: 125.0.6422.142, chrome: {chromedriverVersion: 125.0.6422.141 (4b1e8393712..., userDataDir: /var/folders/lp/k165811579l...}, fedcm:accounts: true, goog:chromeOptions: {debuggerAddress: localhost:52300}, networkConnectionEnabled: false, pageLoadStrategy: normal, platformName: mac, proxy: Proxy(), se:cdp: ws://localhost:52300/devtoo..., se:cdpVersion: 125.0.6422.142, setWindowRect: true, strictFileInteractability: false, timeouts: {implicit: 0, pageLoad: 300000, script: 30000}, unhandledPromptBehavior: dismiss and notify, webauthn:extension:credBlob: true, webauthn:extension:largeBlob: true, webauthn:extension:minPinLength: true, webauthn:extension:prf: true, webauthn:virtualAuthenticators: true}&#10;Session ID: f272a917b333adb85ec0b69b44eda28b" type="org.openqa.selenium.NoSuchWindowException"><![CDATA[org.openqa.selenium.NoSuchWindowException: 
no such window: target window already closed
from unknown error: web view not found
  (Session info: chrome=125.0.6422.142)
Build info: version: '4.19.1', revision: 'abe0ee07dc'
System info: os.name: 'Mac OS X', os.arch: 'aarch64', os.version: '14.4.1', java.version: '21.0.3'
Driver info: org.openqa.selenium.chrome.ChromeDriver
Command: [f272a917b333adb85ec0b69b44eda28b, screenshot {}]
Capabilities {acceptInsecureCerts: false, browserName: chrome, browserVersion: 125.0.6422.142, chrome: {chromedriverVersion: 125.0.6422.141 (4b1e8393712..., userDataDir: /var/folders/lp/k165811579l...}, fedcm:accounts: true, goog:chromeOptions: {debuggerAddress: localhost:52300}, networkConnectionEnabled: false, pageLoadStrategy: normal, platformName: mac, proxy: Proxy(), se:cdp: ws://localhost:52300/devtoo..., se:cdpVersion: 125.0.6422.142, setWindowRect: true, strictFileInteractability: false, timeouts: {implicit: 0, pageLoad: 300000, script: 30000}, unhandledPromptBehavior: dismiss and notify, webauthn:extension:credBlob: true, webauthn:extension:largeBlob: true, webauthn:extension:minPinLength: true, webauthn:extension:prf: true, webauthn:virtualAuthenticators: true}
Session ID: f272a917b333adb85ec0b69b44eda28b
	at TS_SwagLabs_JUnit.tc_swaglabs_basics(TS_SwagLabs_JUnit.java:125)
]]></error>
    <system-out><![CDATA[&amp#27;[38;5;94m[Trim Image] - Original: 1200x808 --> Trimmed: 784x631 --> Saved: 49.0%&amp#27;[0m
&amp#27;[0;32m[Pass] - PO_Login - Clicked locator: '//input[@id='login-button']'.&amp#27;[0m
&amp#27;[0;31m[Fail] - PO_Login - Validated locator: '//input[@id='user-name']' does not exist.&amp#27;[0m
&amp#27;[0;34m - - - - Test Case: TC - SwagLabs - Basic Functionality - 06/05/2024 02:51:57 PM - End - - - -&amp#27;[0m
]]></system-out>
  </testcase>
</testsuite>